2024-07-14 12:51:44,960 - pyswarms.single.global_best - INFO - Optimize for 10 iters with {'c1': 0.5, 'c2': 0.3, 'w': 0.9}
2024-07-14 12:53:48,068 - pyswarms.single.global_best - INFO - Optimization finished | best cost: 0.9769622416677699, best pos: [0.07339914 0.01216274 1.64227118]
2024-07-14 12:53:48,109 - pyswarms.single.global_best - INFO - Optimize for 10 iters with {'c1': 0.5, 'c2': 0.3, 'w': 0.9}
2024-07-14 12:54:11,851 - pyswarms.single.global_best - INFO - Optimize for 10 iters with {'c1': 0.5, 'c2': 0.3, 'w': 0.9}
2024-07-14 12:54:43,303 - pyswarms.single.global_best - INFO - Optimize for 10 iters with {'c1': 0.5, 'c2': 0.3, 'w': 0.9}
2024-07-14 12:56:46,138 - pyswarms.single.global_best - INFO - Optimize for 10 iters with {'c1': 0.5, 'c2': 0.3, 'w': 0.9}
2024-07-14 12:58:18,190 - pyswarms.single.global_best - INFO - Optimization finished | best cost: -0.9984773371104816, best pos: [0.45784024 0.28359881 2.40373181]
2024-07-14 12:58:18,241 - pyswarms.single.global_best - INFO - Optimize for 10 iters with {'c1': 0.5, 'c2': 0.3, 'w': 0.9}
2024-07-14 12:59:52,662 - pyswarms.single.global_best - INFO - Optimization finished | best cost: -0.9984773371104816, best pos: [0.12453869 0.03189083 2.41866166]
2024-07-14 12:59:52,707 - pyswarms.single.global_best - INFO - Optimize for 10 iters with {'c1': 0.5, 'c2': 0.3, 'w': 0.9}
2024-07-14 13:01:29,041 - pyswarms.single.global_best - INFO - Optimization finished | best cost: -0.9984773371104816, best pos: [0.17765073 0.28856914 1.88482804]
2024-07-14 13:01:29,085 - pyswarms.single.global_best - INFO - Optimize for 10 iters with {'c1': 0.5, 'c2': 0.3, 'w': 0.9}
2024-07-14 13:03:08,226 - pyswarms.single.global_best - INFO - Optimization finished | best cost: -0.9988913064155609, best pos: [0.46702839 0.34722747 2.31649132]
2024-07-14 13:03:08,270 - pyswarms.single.global_best - INFO - Optimize for 10 iters with {'c1': 0.5, 'c2': 0.3, 'w': 0.9}
2024-07-14 13:04:48,183 - pyswarms.single.global_best - INFO - Optimization finished | best cost: -0.9988913064155609, best pos: [0.44686866 0.39179862 0.05066181]
2024-07-14 13:04:48,229 - pyswarms.single.global_best - INFO - Optimize for 10 iters with {'c1': 0.5, 'c2': 0.3, 'w': 0.9}
2024-07-14 13:06:22,845 - pyswarms.single.global_best - INFO - Optimization finished | best cost: -0.9988913064155609, best pos: [0.37462013 0.35324577 2.34436316]
2024-07-14 13:06:22,893 - pyswarms.single.global_best - INFO - Optimize for 10 iters with {'c1': 0.5, 'c2': 0.3, 'w': 0.9}
2024-07-14 13:07:58,923 - pyswarms.single.global_best - INFO - Optimization finished | best cost: -0.9988913064155609, best pos: [0.23676832 0.36187853 2.80720278]
2024-07-14 13:07:58,972 - pyswarms.single.global_best - INFO - Optimize for 10 iters with {'c1': 0.5, 'c2': 0.3, 'w': 0.9}
2024-07-14 13:09:36,819 - pyswarms.single.global_best - INFO - Optimization finished | best cost: -0.9990059276168035, best pos: [0.39566432 0.34810896 2.31718166]
2024-07-14 13:09:39,098 - pyswarms.single.global_best - INFO - Optimize for 10 iters with {'c1': 0.5, 'c2': 0.3, 'w': 0.9}
2024-07-14 13:11:07,953 - pyswarms.single.global_best - INFO - Optimization finished | best cost: -0.9980926334569697, best pos: [0.11357581 0.36551913 1.72458611]
2024-07-14 13:11:07,997 - pyswarms.single.global_best - INFO - Optimize for 10 iters with {'c1': 0.5, 'c2': 0.3, 'w': 0.9}
2024-07-14 13:12:46,651 - pyswarms.single.global_best - INFO - Optimization finished | best cost: -0.9985522159471619, best pos: [0.18875085 0.35682878 1.82108443]
2024-07-14 13:12:46,702 - pyswarms.single.global_best - INFO - Optimize for 10 iters with {'c1': 0.5, 'c2': 0.3, 'w': 0.9}
2024-07-14 13:14:23,127 - pyswarms.single.global_best - INFO - Optimization finished | best cost: -0.9985522159471619, best pos: [0.18195069 0.34556068 1.77046292]
2024-07-14 13:14:23,171 - pyswarms.single.global_best - INFO - Optimize for 10 iters with {'c1': 0.5, 'c2': 0.3, 'w': 0.9}
2024-07-14 13:16:00,297 - pyswarms.single.global_best - INFO - Optimization finished | best cost: -0.9985898732670911, best pos: [0.1910304  0.26745175 1.83521576]
2024-07-14 13:16:00,357 - pyswarms.single.global_best - INFO - Optimize for 10 iters with {'c1': 0.5, 'c2': 0.3, 'w': 0.9}
2024-07-14 13:17:39,769 - pyswarms.single.global_best - INFO - Optimization finished | best cost: -0.9988817891373801, best pos: [0.1825426  0.21420647 1.82966455]
2024-07-14 13:17:39,815 - pyswarms.single.global_best - INFO - Optimize for 10 iters with {'c1': 0.5, 'c2': 0.3, 'w': 0.9}
2024-07-14 13:19:20,909 - pyswarms.single.global_best - INFO - Optimization finished | best cost: -0.9988817891373801, best pos: [0.2204102  0.45147285 0.52283019]
2024-07-14 13:19:20,956 - pyswarms.single.global_best - INFO - Optimize for 10 iters with {'c1': 0.5, 'c2': 0.3, 'w': 0.9}
2024-07-14 13:21:01,189 - pyswarms.single.global_best - INFO - Optimization finished | best cost: -0.9988817891373801, best pos: [0.16191576 0.27375334 1.82957165]
2024-07-14 13:21:01,236 - pyswarms.single.global_best - INFO - Optimize for 10 iters with {'c1': 0.5, 'c2': 0.3, 'w': 0.9}
2024-07-14 13:22:49,825 - pyswarms.single.global_best - INFO - Optimization finished | best cost: -0.9988817891373801, best pos: [0.18252664 0.21133964 1.82961243]
2024-07-14 13:22:51,824 - pyswarms.single.global_best - INFO - Optimize for 10 iters with {'c1': 0.5, 'c2': 0.3, 'w': 0.9}
2024-07-14 13:24:23,892 - pyswarms.single.global_best - INFO - Optimization finished | best cost: -0.9983488082703169, best pos: [0.17778181 0.27423475 2.11652766]
2024-07-14 13:24:23,948 - pyswarms.single.global_best - INFO - Optimize for 10 iters with {'c1': 0.5, 'c2': 0.3, 'w': 0.9}
2024-07-14 13:26:01,974 - pyswarms.single.global_best - INFO - Optimization finished | best cost: -0.9989631084915958, best pos: [0.11150643 0.32630485 1.96477734]
2024-07-14 13:26:02,019 - pyswarms.single.global_best - INFO - Optimize for 10 iters with {'c1': 0.5, 'c2': 0.3, 'w': 0.9}
2024-07-14 13:27:44,895 - pyswarms.single.global_best - INFO - Optimization finished | best cost: -0.9989631084915958, best pos: [0.11552945 0.27877195 2.11077444]
2024-07-14 13:27:44,941 - pyswarms.single.global_best - INFO - Optimize for 10 iters with {'c1': 0.5, 'c2': 0.3, 'w': 0.9}
2024-07-14 13:29:30,773 - pyswarms.single.global_best - INFO - Optimization finished | best cost: -0.9989631084915958, best pos: [0.10148826 0.33058203 1.53515303]
2024-07-14 13:29:30,828 - pyswarms.single.global_best - INFO - Optimize for 10 iters with {'c1': 0.5, 'c2': 0.3, 'w': 0.9}
2024-07-14 13:31:16,428 - pyswarms.single.global_best - INFO - Optimization finished | best cost: -0.999003003003003, best pos: [0.04363102 0.18361307 2.01211591]
2024-07-14 13:31:16,473 - pyswarms.single.global_best - INFO - Optimize for 10 iters with {'c1': 0.5, 'c2': 0.3, 'w': 0.9}
2024-07-14 13:33:11,078 - pyswarms.single.global_best - INFO - Optimization finished | best cost: -0.999003003003003, best pos: [0.46742636 0.17347596 2.00673782]
2024-07-14 13:33:11,122 - pyswarms.single.global_best - INFO - Optimize for 10 iters with {'c1': 0.5, 'c2': 0.3, 'w': 0.9}
2024-07-14 13:34:58,735 - pyswarms.single.global_best - INFO - Optimization finished | best cost: -0.999278678738434, best pos: [0.18856598 0.17648072 2.04942062]
2024-07-14 13:34:58,788 - pyswarms.single.global_best - INFO - Optimize for 10 iters with {'c1': 0.5, 'c2': 0.3, 'w': 0.9}
2024-07-14 13:36:43,115 - pyswarms.single.global_best - INFO - Optimization finished | best cost: -0.999278678738434, best pos: [0.02769357 0.13496159 2.0544776 ]
2024-07-14 13:36:44,958 - pyswarms.single.global_best - INFO - Optimize for 10 iters with {'c1': 0.5, 'c2': 0.3, 'w': 0.9}
2024-07-14 13:38:46,878 - pyswarms.single.global_best - INFO - Optimization finished | best cost: -0.9895870908784841, best pos: [0.45476399 0.02878216 0.0825269 ]
2024-07-14 13:38:46,933 - pyswarms.single.global_best - INFO - Optimize for 10 iters with {'c1': 0.5, 'c2': 0.3, 'w': 0.9}
2024-07-14 13:41:40,801 - pyswarms.single.global_best - INFO - Optimization finished | best cost: -0.9941527940031152, best pos: [0.08994745 0.17508551 2.22930405]
2024-07-14 13:41:40,854 - pyswarms.single.global_best - INFO - Optimize for 10 iters with {'c1': 0.5, 'c2': 0.3, 'w': 0.9}
2024-07-14 13:44:38,827 - pyswarms.single.global_best - INFO - Optimization finished | best cost: -0.9960616859179159, best pos: [0.36715181 0.09403678 2.49738409]
2024-07-14 13:44:38,877 - pyswarms.single.global_best - INFO - Optimize for 10 iters with {'c1': 0.5, 'c2': 0.3, 'w': 0.9}
2024-07-14 13:47:38,197 - pyswarms.single.global_best - INFO - Optimization finished | best cost: -0.9964968962137437, best pos: [0.4147283  0.07821887 1.97892909]
2024-07-14 13:47:38,247 - pyswarms.single.global_best - INFO - Optimize for 10 iters with {'c1': 0.5, 'c2': 0.3, 'w': 0.9}
2024-07-14 13:50:42,622 - pyswarms.single.global_best - INFO - Optimization finished | best cost: -0.9964968962137437, best pos: [0.14878163 0.25015507 2.46092732]
2024-07-14 13:50:42,700 - pyswarms.single.global_best - INFO - Optimize for 10 iters with {'c1': 0.5, 'c2': 0.3, 'w': 0.9}
2024-07-14 13:53:44,745 - pyswarms.single.global_best - INFO - Optimization finished | best cost: -0.9971056970141051, best pos: [0.40587841 0.07774339 2.01447265]
2024-07-14 13:53:44,862 - pyswarms.single.global_best - INFO - Optimize for 10 iters with {'c1': 0.5, 'c2': 0.3, 'w': 0.9}
2024-07-14 13:56:49,646 - pyswarms.single.global_best - INFO - Optimization finished | best cost: -0.9978383853356061, best pos: [0.43761785 0.06855116 0.47474082]
2024-07-14 13:56:49,716 - pyswarms.single.global_best - INFO - Optimize for 10 iters with {'c1': 0.5, 'c2': 0.3, 'w': 0.9}
2024-07-14 14:00:00,245 - pyswarms.single.global_best - INFO - Optimization finished | best cost: -0.9984890790634708, best pos: [0.42482607 0.06974242 2.46177697]
2024-07-14 14:00:03,343 - pyswarms.single.global_best - INFO - Optimize for 10 iters with {'c1': 0.5, 'c2': 0.3, 'w': 0.9}
2024-07-14 14:02:05,832 - pyswarms.single.global_best - INFO - Optimization finished | best cost: -0.98895586064913, best pos: [0.10769151 0.00700973 0.81401826]
2024-07-14 14:02:05,883 - pyswarms.single.global_best - INFO - Optimize for 10 iters with {'c1': 0.5, 'c2': 0.3, 'w': 0.9}
2024-07-14 14:05:02,301 - pyswarms.single.global_best - INFO - Optimization finished | best cost: -0.9952436847382192, best pos: [0.12159593 0.32155196 1.84327693]
2024-07-14 14:05:02,347 - pyswarms.single.global_best - INFO - Optimize for 10 iters with {'c1': 0.5, 'c2': 0.3, 'w': 0.9}
2024-07-14 14:07:58,140 - pyswarms.single.global_best - INFO - Optimization finished | best cost: -0.9962105013067236, best pos: [0.10540783 0.12508292 1.68917326]
2024-07-14 14:07:58,179 - pyswarms.single.global_best - INFO - Optimize for 10 iters with {'c1': 0.5, 'c2': 0.3, 'w': 0.9}
2024-07-14 14:10:58,478 - pyswarms.single.global_best - INFO - Optimization finished | best cost: -0.9962105013067236, best pos: [0.10407433 0.18186987 1.69124826]
2024-07-14 14:10:58,569 - pyswarms.single.global_best - INFO - Optimize for 10 iters with {'c1': 0.5, 'c2': 0.3, 'w': 0.9}
2024-07-14 14:13:59,470 - pyswarms.single.global_best - INFO - Optimization finished | best cost: -0.9968559837728196, best pos: [0.12277729 0.10313809 1.7641648 ]
2024-07-14 14:13:59,521 - pyswarms.single.global_best - INFO - Optimize for 10 iters with {'c1': 0.5, 'c2': 0.3, 'w': 0.9}
2024-07-14 14:17:04,563 - pyswarms.single.global_best - INFO - Optimization finished | best cost: -0.9972912801484229, best pos: [0.14540295 0.21547185 1.72363922]
2024-07-14 14:17:04,611 - pyswarms.single.global_best - INFO - Optimize for 10 iters with {'c1': 0.5, 'c2': 0.3, 'w': 0.9}
2024-07-14 14:20:07,204 - pyswarms.single.global_best - INFO - Optimization finished | best cost: -0.9972912801484229, best pos: [0.12823909 0.28355775 1.77502526]
2024-07-14 14:20:07,247 - pyswarms.single.global_best - INFO - Optimize for 10 iters with {'c1': 0.5, 'c2': 0.3, 'w': 0.9}
2024-07-14 14:23:12,282 - pyswarms.single.global_best - INFO - Optimization finished | best cost: -0.9981099050698302, best pos: [0.14375294 0.17959385 1.72705717]
2024-07-14 14:23:15,314 - pyswarms.single.global_best - INFO - Optimize for 10 iters with {'c1': 0.5, 'c2': 0.3, 'w': 0.9}
2024-07-14 14:25:26,909 - pyswarms.single.global_best - INFO - Optimization finished | best cost: -0.9917999632285346, best pos: [0.45593652 0.03059192 2.11825913]
2024-07-14 14:25:26,986 - pyswarms.single.global_best - INFO - Optimize for 10 iters with {'c1': 0.5, 'c2': 0.3, 'w': 0.9}
2024-07-14 14:28:11,298 - pyswarms.single.global_best - INFO - Optimization finished | best cost: -0.9938133874239352, best pos: [0.31125442 0.08817192 0.49273842]
2024-07-14 14:28:11,335 - pyswarms.single.global_best - INFO - Optimize for 10 iters with {'c1': 0.5, 'c2': 0.3, 'w': 0.9}
2024-07-14 14:31:09,595 - pyswarms.single.global_best - INFO - Optimization finished | best cost: -0.996122570529105, best pos: [0.37764365 0.0893399  0.62419069]
2024-07-14 14:31:09,640 - pyswarms.single.global_best - INFO - Optimize for 10 iters with {'c1': 0.5, 'c2': 0.3, 'w': 0.9}
2024-07-14 14:34:11,692 - pyswarms.single.global_best - INFO - Optimization finished | best cost: -0.9971449347924564, best pos: [0.40998959 0.29104825 0.64801426]
2024-07-14 14:34:11,746 - pyswarms.single.global_best - INFO - Optimize for 10 iters with {'c1': 0.5, 'c2': 0.3, 'w': 0.9}
2024-07-14 14:37:13,377 - pyswarms.single.global_best - INFO - Optimization finished | best cost: -0.9971449347924564, best pos: [0.4239491  0.27313287 0.6505442 ]
2024-07-14 14:37:13,425 - pyswarms.single.global_best - INFO - Optimize for 10 iters with {'c1': 0.5, 'c2': 0.3, 'w': 0.9}
2024-07-14 14:40:16,214 - pyswarms.single.global_best - INFO - Optimization finished | best cost: -0.9971449347924564, best pos: [0.130069   0.42984645 0.67926613]
2024-07-14 14:40:16,325 - pyswarms.single.global_best - INFO - Optimize for 10 iters with {'c1': 0.5, 'c2': 0.3, 'w': 0.9}
2024-07-14 14:43:20,605 - pyswarms.single.global_best - INFO - Optimization finished | best cost: -0.9975738434917293, best pos: [0.40980737 0.3015424  0.62725998]
2024-07-14 14:43:20,648 - pyswarms.single.global_best - INFO - Optimize for 10 iters with {'c1': 0.5, 'c2': 0.3, 'w': 0.9}
2024-07-14 14:46:21,964 - pyswarms.single.global_best - INFO - Optimization finished | best cost: -0.9976299030250398, best pos: [0.39690762 0.31042164 0.54402971]
2024-07-14 14:46:24,725 - pyswarms.single.global_best - INFO - Optimize for 10 iters with {'c1': 0.5, 'c2': 0.3, 'w': 0.9}
2024-07-14 14:48:39,437 - pyswarms.single.global_best - INFO - Optimization finished | best cost: -0.980621585707958, best pos: [0.04738732 0.04211456 0.35811576]
2024-07-14 14:48:39,490 - pyswarms.single.global_best - INFO - Optimize for 10 iters with {'c1': 0.5, 'c2': 0.3, 'w': 0.9}
2024-07-14 14:51:50,457 - pyswarms.single.global_best - INFO - Optimization finished | best cost: -0.9900879864228885, best pos: [0.02240209 0.12498973 0.3044318 ]
2024-07-14 14:51:50,540 - pyswarms.single.global_best - INFO - Optimize for 10 iters with {'c1': 0.5, 'c2': 0.3, 'w': 0.9}
2024-07-14 14:55:05,545 - pyswarms.single.global_best - INFO - Optimization finished | best cost: -0.9939476719480362, best pos: [0.36243514 0.07304482 1.33523776]
2024-07-14 14:55:05,603 - pyswarms.single.global_best - INFO - Optimize for 10 iters with {'c1': 0.5, 'c2': 0.3, 'w': 0.9}
2024-07-14 14:58:23,163 - pyswarms.single.global_best - INFO - Optimization finished | best cost: -0.9955837907851725, best pos: [0.29924273 0.13296731 0.5124136 ]
2024-07-14 14:58:23,206 - pyswarms.single.global_best - INFO - Optimize for 10 iters with {'c1': 0.5, 'c2': 0.3, 'w': 0.9}
2024-07-14 15:01:40,675 - pyswarms.single.global_best - INFO - Optimization finished | best cost: -0.996061795772508, best pos: [0.22964633 0.07470875 2.75134951]
2024-07-14 15:01:40,760 - pyswarms.single.global_best - INFO - Optimize for 10 iters with {'c1': 0.5, 'c2': 0.3, 'w': 0.9}
2024-07-14 15:04:59,155 - pyswarms.single.global_best - INFO - Optimization finished | best cost: -0.9963349020835088, best pos: [0.34457686 0.0600375  2.29037676]
2024-07-14 15:04:59,251 - pyswarms.single.global_best - INFO - Optimize for 10 iters with {'c1': 0.5, 'c2': 0.3, 'w': 0.9}
2024-07-14 15:08:19,164 - pyswarms.single.global_best - INFO - Optimization finished | best cost: -0.9971861287695543, best pos: [0.3270671  0.15046706 1.07396779]
2024-07-14 15:08:19,222 - pyswarms.single.global_best - INFO - Optimize for 10 iters with {'c1': 0.5, 'c2': 0.3, 'w': 0.9}
2024-07-14 15:11:41,456 - pyswarms.single.global_best - INFO - Optimization finished | best cost: -0.9973766102185554, best pos: [0.29464704 0.09425239 2.60061993]
2024-07-14 15:11:44,390 - pyswarms.single.global_best - INFO - Optimize for 10 iters with {'c1': 0.5, 'c2': 0.3, 'w': 0.9}
2024-07-14 15:13:59,278 - pyswarms.single.global_best - INFO - Optimization finished | best cost: -0.9813721147694278, best pos: [0.27202575 0.06581252 1.53949877]
2024-07-14 15:13:59,331 - pyswarms.single.global_best - INFO - Optimize for 10 iters with {'c1': 0.5, 'c2': 0.3, 'w': 0.9}
2024-07-14 15:17:10,097 - pyswarms.single.global_best - INFO - Optimization finished | best cost: -0.9907719609582964, best pos: [0.05917651 0.01624689 1.73555415]
2024-07-14 15:17:10,146 - pyswarms.single.global_best - INFO - Optimize for 10 iters with {'c1': 0.5, 'c2': 0.3, 'w': 0.9}
2024-07-14 15:20:21,965 - pyswarms.single.global_best - INFO - Optimization finished | best cost: -0.9944566276803118, best pos: [0.04431991 0.1328749  1.62294425]
2024-07-14 15:20:22,015 - pyswarms.single.global_best - INFO - Optimize for 10 iters with {'c1': 0.5, 'c2': 0.3, 'w': 0.9}
2024-07-14 15:23:35,823 - pyswarms.single.global_best - INFO - Optimization finished | best cost: -0.9966859046825727, best pos: [0.1687825  0.06200915 0.72939154]
2024-07-14 15:23:35,922 - pyswarms.single.global_best - INFO - Optimize for 10 iters with {'c1': 0.5, 'c2': 0.3, 'w': 0.9}
2024-07-14 15:26:49,709 - pyswarms.single.global_best - INFO - Optimization finished | best cost: -0.9966859046825727, best pos: [0.38390997 0.11145102 2.07636947]
2024-07-14 15:26:49,755 - pyswarms.single.global_best - INFO - Optimize for 10 iters with {'c1': 0.5, 'c2': 0.3, 'w': 0.9}
2024-07-14 15:30:03,146 - pyswarms.single.global_best - INFO - Optimization finished | best cost: -0.9970600638592686, best pos: [0.02064081 0.03849582 0.76669756]
2024-07-14 15:30:03,200 - pyswarms.single.global_best - INFO - Optimize for 10 iters with {'c1': 0.5, 'c2': 0.3, 'w': 0.9}
2024-07-14 15:33:19,516 - pyswarms.single.global_best - INFO - Optimization finished | best cost: -0.9971402842679128, best pos: [0.48812127 0.4372949  1.00105807]
2024-07-14 15:33:19,567 - pyswarms.single.global_best - INFO - Optimize for 10 iters with {'c1': 0.5, 'c2': 0.3, 'w': 0.9}
2024-07-14 15:36:39,475 - pyswarms.single.global_best - INFO - Optimization finished | best cost: -0.9981420565302145, best pos: [0.39256044 0.09213084 0.97002553]
2024-07-14 15:36:42,450 - pyswarms.single.global_best - INFO - Optimize for 10 iters with {'c1': 0.5, 'c2': 0.3, 'w': 0.9}
2024-07-14 15:39:01,474 - pyswarms.single.global_best - INFO - Optimization finished | best cost: -0.9817243695426513, best pos: [0.3594356  0.00711416 1.04299701]
2024-07-14 15:39:01,522 - pyswarms.single.global_best - INFO - Optimize for 10 iters with {'c1': 0.5, 'c2': 0.3, 'w': 0.9}
2024-07-14 15:42:14,752 - pyswarms.single.global_best - INFO - Optimization finished | best cost: -0.9924212539597156, best pos: [0.23385254 0.06786258 1.75514361]
2024-07-14 15:42:14,807 - pyswarms.single.global_best - INFO - Optimize for 10 iters with {'c1': 0.5, 'c2': 0.3, 'w': 0.9}
2024-07-14 15:45:29,642 - pyswarms.single.global_best - INFO - Optimization finished | best cost: -0.994312537855845, best pos: [0.46576853 0.41575396 1.32287468]
2024-07-14 15:45:29,687 - pyswarms.single.global_best - INFO - Optimize for 10 iters with {'c1': 0.5, 'c2': 0.3, 'w': 0.9}
2024-07-14 15:48:46,746 - pyswarms.single.global_best - INFO - Optimization finished | best cost: -0.9958222651533446, best pos: [0.42239406 0.01546534 1.33318566]
2024-07-14 15:48:46,795 - pyswarms.single.global_best - INFO - Optimize for 10 iters with {'c1': 0.5, 'c2': 0.3, 'w': 0.9}
2024-07-14 15:52:02,939 - pyswarms.single.global_best - INFO - Optimization finished | best cost: -0.9967601179435964, best pos: [0.11095067 0.07477722 1.10466958]
2024-07-14 15:52:03,019 - pyswarms.single.global_best - INFO - Optimize for 10 iters with {'c1': 0.5, 'c2': 0.3, 'w': 0.9}
2024-07-14 15:55:19,194 - pyswarms.single.global_best - INFO - Optimization finished | best cost: -0.9968749227994763, best pos: [0.10639702 0.08663823 1.06629228]
2024-07-14 15:55:19,249 - pyswarms.single.global_best - INFO - Optimize for 10 iters with {'c1': 0.5, 'c2': 0.3, 'w': 0.9}
2024-07-14 15:58:38,595 - pyswarms.single.global_best - INFO - Optimization finished | best cost: -0.9970129520358446, best pos: [0.44751961 0.42985108 1.04823305]
2024-07-14 15:58:38,657 - pyswarms.single.global_best - INFO - Optimize for 10 iters with {'c1': 0.5, 'c2': 0.3, 'w': 0.9}
2024-07-14 16:01:57,680 - pyswarms.single.global_best - INFO - Optimization finished | best cost: -0.9979616919781931, best pos: [0.26665819 0.41219267 1.1044997 ]
2024-07-14 16:02:00,581 - pyswarms.single.global_best - INFO - Optimize for 10 iters with {'c1': 0.5, 'c2': 0.3, 'w': 0.9}
2024-07-14 16:04:29,084 - pyswarms.single.global_best - INFO - Optimization finished | best cost: -0.9688477770501346, best pos: [0.02466346 0.23018212 2.94124881]
2024-07-14 16:04:29,120 - pyswarms.single.global_best - INFO - Optimize for 10 iters with {'c1': 0.5, 'c2': 0.3, 'w': 0.9}
2024-07-14 16:07:44,476 - pyswarms.single.global_best - INFO - Optimization finished | best cost: -0.988974688974689, best pos: [0.35425779 0.02330733 2.89348257]
2024-07-14 16:07:44,523 - pyswarms.single.global_best - INFO - Optimize for 10 iters with {'c1': 0.5, 'c2': 0.3, 'w': 0.9}
2024-07-14 16:11:02,716 - pyswarms.single.global_best - INFO - Optimization finished | best cost: -0.9950584534485186, best pos: [0.11961228 0.10290508 1.73712058]
2024-07-14 16:11:02,820 - pyswarms.single.global_best - INFO - Optimize for 10 iters with {'c1': 0.5, 'c2': 0.3, 'w': 0.9}
2024-07-14 16:14:19,005 - pyswarms.single.global_best - INFO - Optimization finished | best cost: -0.9950584534485186, best pos: [0.24850341 0.06353695 1.85629357]
2024-07-14 16:14:19,058 - pyswarms.single.global_best - INFO - Optimize for 10 iters with {'c1': 0.5, 'c2': 0.3, 'w': 0.9}
2024-07-14 16:17:37,630 - pyswarms.single.global_best - INFO - Optimization finished | best cost: -0.9960465399610137, best pos: [0.00753651 0.10745387 2.25665627]
2024-07-14 16:17:37,684 - pyswarms.single.global_best - INFO - Optimize for 10 iters with {'c1': 0.5, 'c2': 0.3, 'w': 0.9}
2024-07-14 16:20:59,682 - pyswarms.single.global_best - INFO - Optimization finished | best cost: -0.9974342678247768, best pos: [0.35377516 0.38438658 2.68172922]
2024-07-14 16:20:59,745 - pyswarms.single.global_best - INFO - Optimize for 10 iters with {'c1': 0.5, 'c2': 0.3, 'w': 0.9}
2024-07-14 16:24:21,106 - pyswarms.single.global_best - INFO - Optimization finished | best cost: -0.9976153103115191, best pos: [0.04646053 0.15946135 2.73325756]
2024-07-14 16:24:21,163 - pyswarms.single.global_best - INFO - Optimize for 10 iters with {'c1': 0.5, 'c2': 0.3, 'w': 0.9}
2024-07-14 16:27:43,911 - pyswarms.single.global_best - INFO - Optimization finished | best cost: -0.9978561474970522, best pos: [0.33884152 0.01786952 2.49903189]
2024-07-14 16:27:46,860 - pyswarms.single.global_best - INFO - Optimize for 10 iters with {'c1': 0.5, 'c2': 0.3, 'w': 0.9}
2024-07-14 16:30:12,559 - pyswarms.single.global_best - INFO - Optimization finished | best cost: -0.9697888080181362, best pos: [0.09136844 0.00912146 2.69347819]
2024-07-14 16:30:12,615 - pyswarms.single.global_best - INFO - Optimize for 10 iters with {'c1': 0.5, 'c2': 0.3, 'w': 0.9}
2024-07-14 16:33:29,339 - pyswarms.single.global_best - INFO - Optimization finished | best cost: -0.9938794670261552, best pos: [0.02002033 0.16723063 1.90940884]
2024-07-14 16:33:29,432 - pyswarms.single.global_best - INFO - Optimize for 10 iters with {'c1': 0.5, 'c2': 0.3, 'w': 0.9}
2024-07-14 16:36:47,257 - pyswarms.single.global_best - INFO - Optimization finished | best cost: -0.9973043191881243, best pos: [0.3121264  0.1157064  1.02088393]
2024-07-14 16:36:47,344 - pyswarms.single.global_best - INFO - Optimize for 10 iters with {'c1': 0.5, 'c2': 0.3, 'w': 0.9}
2024-07-14 16:40:05,737 - pyswarms.single.global_best - INFO - Optimization finished | best cost: -0.9973043191881243, best pos: [0.33730624 0.03158184 1.11408278]
2024-07-14 16:40:05,841 - pyswarms.single.global_best - INFO - Optimize for 10 iters with {'c1': 0.5, 'c2': 0.3, 'w': 0.9}
2024-07-14 16:43:22,789 - pyswarms.single.global_best - INFO - Optimization finished | best cost: -0.9973043191881243, best pos: [0.11914003 0.14926649 0.88245366]
2024-07-14 16:43:22,887 - pyswarms.single.global_best - INFO - Optimize for 10 iters with {'c1': 0.5, 'c2': 0.3, 'w': 0.9}
2024-07-14 16:46:39,997 - pyswarms.single.global_best - INFO - Optimization finished | best cost: -0.9973043191881243, best pos: [0.49249355 0.00966118 1.26436226]
2024-07-14 16:46:40,064 - pyswarms.single.global_best - INFO - Optimize for 10 iters with {'c1': 0.5, 'c2': 0.3, 'w': 0.9}
2024-07-14 16:49:58,886 - pyswarms.single.global_best - INFO - Optimization finished | best cost: -0.9986674941588786, best pos: [0.31284728 0.16942266 0.99688757]
2024-07-14 16:49:58,938 - pyswarms.single.global_best - INFO - Optimize for 10 iters with {'c1': 0.5, 'c2': 0.3, 'w': 0.9}
2024-07-14 16:53:16,258 - pyswarms.single.global_best - INFO - Optimization finished | best cost: -0.9990823011753838, best pos: [0.31078542 0.15000437 0.99935616]
2024-07-14 16:53:19,245 - pyswarms.single.global_best - INFO - Optimize for 10 iters with {'c1': 0.5, 'c2': 0.3, 'w': 0.9}
2024-07-14 16:55:52,065 - pyswarms.single.global_best - INFO - Optimization finished | best cost: -0.9672031409218965, best pos: [0.15721411 0.33157155 2.08709986]
2024-07-14 16:55:52,142 - pyswarms.single.global_best - INFO - Optimize for 10 iters with {'c1': 0.5, 'c2': 0.3, 'w': 0.9}
2024-07-14 16:59:14,130 - pyswarms.single.global_best - INFO - Optimization finished | best cost: -0.987469124646063, best pos: [0.20030118 0.14728539 0.56537809]
2024-07-14 16:59:14,188 - pyswarms.single.global_best - INFO - Optimize for 10 iters with {'c1': 0.5, 'c2': 0.3, 'w': 0.9}
2024-07-23 09:00:15,195 - tensorflow - WARNING - 5 out of the last 17 calls to <function TensorFlowTrainer.make_predict_function.<locals>.one_step_on_data_distributed at 0x36dfbf1a0> triggered tf.function retracing. Tracing is expensive and the excessive number of tracings could be due to (1) creating @tf.function repeatedly in a loop, (2) passing tensors with different shapes, (3) passing Python objects instead of tensors. For (1), please define your @tf.function outside of the loop. For (2), @tf.function has reduce_retracing=True option that can avoid unnecessary retracing. For (3), please refer to https://www.tensorflow.org/guide/function#controlling_retracing and https://www.tensorflow.org/api_docs/python/tf/function for  more details.
2024-07-23 09:00:16,433 - tensorflow - WARNING - 5 out of the last 15 calls to <function TensorFlowTrainer.make_predict_function.<locals>.one_step_on_data_distributed at 0x36f02b2e0> triggered tf.function retracing. Tracing is expensive and the excessive number of tracings could be due to (1) creating @tf.function repeatedly in a loop, (2) passing tensors with different shapes, (3) passing Python objects instead of tensors. For (1), please define your @tf.function outside of the loop. For (2), @tf.function has reduce_retracing=True option that can avoid unnecessary retracing. For (3), please refer to https://www.tensorflow.org/guide/function#controlling_retracing and https://www.tensorflow.org/api_docs/python/tf/function for  more details.
